<?xml version="1.0" encoding="UTF-8"?>
<testsuite xmlns:xsi="http://www.w3.org/2001/XMLSchema-instance" xsi:noNamespaceSchemaLocation="https://maven.apache.org/surefire/maven-surefire-plugin/xsd/surefire-test-report-3.0.xsd" version="3.0" name="com.webpconverter.ImageConverterServiceV2Test" time="6.221" tests="5" errors="0" skipped="0" failures="0">
  <properties>
[...]
</properties>
  <testcase name="shouldCancelConversion" classname="com.webpconverter.ImageConverterServiceV2Test" time="6.056">
    <system-out><![CDATA[Processed 55 files before cancellation
Output files created: 55
]]></system-out>
    <system-err><![CDATA[SLF4J: No SLF4J providers were found.
SLF4J: Defaulting to no-operation (NOP) logger implementation
SLF4J: See https://www.slf4j.org/codes.html#noProviders for further details.
SLF4J: Class path contains SLF4J bindings targeting slf4j-api versions 1.7.x or earlier.
SLF4J: Ignoring binding found at [jar:file:/Users/miltiadiskurdzidis/.m2/repository/ch/qos/logback/logback-classic/1.1.2/logback-classic-1.1.2.jar!/org/slf4j/impl/StaticLoggerBinder.class]
SLF4J: See https://www.slf4j.org/codes.html#ignoredBindings for an explanation.
Ошибка конвертации /var/folders/mb/1tb5q7bs4nx4lqwwjqnyt56c0000gn/T/junit409842509729776690/test_cancel/test81.png: java.lang.InterruptedException
java.io.IOException: java.lang.InterruptedException
	at com.sksamuel.scrimage.webp.CWebpHandler.convert(CWebpHandler.java:115)
	at com.sksamuel.scrimage.webp.CWebpHandler.convert(CWebpHandler.java:55)
	at com.sksamuel.scrimage.webp.WebpWriter.write(WebpWriter.java:76)
	at com.sksamuel.scrimage.nio.WriteContext.write(WriteContext.java:48)
	at com.sksamuel.scrimage.nio.WriteContext.write(WriteContext.java:42)
	at com.sksamuel.scrimage.AwtImage.output(AwtImage.java:586)
	at com.webpconverter.ImageConverterServiceV2.convertToWebP(ImageConverterServiceV2.java:305)
	at com.webpconverter.ImageConverterServiceV2.lambda$convertImagesWithProgress$1(ImageConverterServiceV2.java:140)
	at java.base/java.util.concurrent.Executors$RunnableAdapter.call(Executors.java:539)
	at java.base/java.util.concurrent.FutureTask.run(FutureTask.java:264)
	at java.base/java.util.concurrent.ThreadPoolExecutor.runWorker(ThreadPoolExecutor.java:1136)
	at java.base/java.util.concurrent.ThreadPoolExecutor$Worker.run(ThreadPoolExecutor.java:635)
	at java.base/java.lang.Thread.run(Thread.java:840)
Caused by: java.lang.InterruptedException
	at java.base/java.lang.Object.wait(Native Method)
	at java.base/java.lang.Object.wait(Object.java:472)
	at java.base/java.util.concurrent.TimeUnit.timedWait(TimeUnit.java:408)
	at java.base/java.lang.ProcessImpl.waitFor(ProcessImpl.java:449)
	at com.sksamuel.scrimage.webp.CWebpHandler.convert(CWebpHandler.java:108)
	... 12 more
Ошибка конвертации /var/folders/mb/1tb5q7bs4nx4lqwwjqnyt56c0000gn/T/junit409842509729776690/test_cancel/test95.png: java.lang.InterruptedException
java.io.IOException: java.lang.InterruptedException
	at com.sksamuel.scrimage.webp.CWebpHandler.convert(CWebpHandler.java:115)
	at com.sksamuel.scrimage.webp.CWebpHandler.convert(CWebpHandler.java:55)
	at com.sksamuel.scrimage.webp.WebpWriter.write(WebpWriter.java:76)
	at com.sksamuel.scrimage.nio.WriteContext.write(WriteContext.java:48)
	at com.sksamuel.scrimage.nio.WriteContext.write(WriteContext.java:42)
	at com.sksamuel.scrimage.AwtImage.output(AwtImage.java:586)
	at com.webpconverter.ImageConverterServiceV2.convertToWebP(ImageConverterServiceV2.java:305)
	at com.webpconverter.ImageConverterServiceV2.lambda$convertImagesWithProgress$1(ImageConverterServiceV2.java:140)
	at java.base/java.util.concurrent.Executors$RunnableAdapter.call(Executors.java:539)
	at java.base/java.util.concurrent.FutureTask.run(FutureTask.java:264)
	at java.base/java.util.concurrent.ThreadPoolExecutor.runWorker(ThreadPoolExecutor.java:1136)
	at java.base/java.util.concurrent.ThreadPoolExecutor$Worker.run(ThreadPoolExecutor.java:635)
	at java.base/java.lang.Thread.run(Thread.java:840)
Caused by: java.lang.InterruptedException
	at java.base/java.lang.Object.wait(Native Method)
	at java.base/java.lang.Object.wait(Object.java:472)
	at java.base/java.util.concurrent.TimeUnit.timedWait(TimeUnit.java:408)
	at java.base/java.lang.ProcessImpl.waitFor(ProcessImpl.java:449)
	at com.sksamuel.scrimage.webp.CWebpHandler.convert(CWebpHandler.java:108)
	... 12 more
Ошибка конвертации /var/folders/mb/1tb5q7bs4nx4lqwwjqnyt56c0000gn/T/junit409842509729776690/test_cancel/test54.png: java.lang.InterruptedException
java.io.IOException: java.lang.InterruptedException
	at com.sksamuel.scrimage.webp.CWebpHandler.convert(CWebpHandler.java:115)
	at com.sksamuel.scrimage.webp.CWebpHandler.convert(CWebpHandler.java:55)
	at com.sksamuel.scrimage.webp.WebpWriter.write(WebpWriter.java:76)
	at com.sksamuel.scrimage.nio.WriteContext.write(WriteContext.java:48)
	at com.sksamuel.scrimage.nio.WriteContext.write(WriteContext.java:42)
	at com.sksamuel.scrimage.AwtImage.output(AwtImage.java:586)
	at com.webpconverter.ImageConverterServiceV2.convertToWebP(ImageConverterServiceV2.java:305)
	at com.webpconverter.ImageConverterServiceV2.lambda$convertImagesWithProgress$1(ImageConverterServiceV2.java:140)
	at java.base/java.util.concurrent.Executors$RunnableAdapter.call(Executors.java:539)
	at java.base/java.util.concurrent.FutureTask.run(FutureTask.java:264)
	at java.base/java.util.concurrent.ThreadPoolExecutor.runWorker(ThreadPoolExecutor.java:1136)
	at java.base/java.util.concurrent.ThreadPoolExecutor$Worker.run(ThreadPoolExecutor.java:635)
	at java.base/java.lang.Thread.run(Thread.java:840)
Caused by: java.lang.InterruptedException
	at java.base/java.lang.Object.wait(Native Method)
	at java.base/java.lang.Object.wait(Object.java:472)
	at java.base/java.util.concurrent.TimeUnit.timedWait(TimeUnit.java:408)
	at java.base/java.lang.ProcessImpl.waitFor(ProcessImpl.java:449)
	at com.sksamuel.scrimage.webp.CWebpHandler.convert(CWebpHandler.java:108)
	... 12 more
]]></system-err>
  </testcase>
  <testcase name="shouldHandleProgressCallback" classname="com.webpconverter.ImageConverterServiceV2Test" time="0.031"/>
  <testcase name="shouldProvideDetailedProgressInfo" classname="com.webpconverter.ImageConverterServiceV2Test" time="0.058">
    <system-out><![CDATA[=== DETAILED PROGRESS LOG ===
Progress: 30,0%, File: test10.jpg, Processed: 3/10, ETA: 49ms
Progress: 10,0%, File: test1.jpg, Processed: 1/10, ETA: 180ms
Progress: 60,0%, File: test4.jpg, Processed: 6/10, ETA: 15ms
Progress: 20,0%, File: test5.jpg, Processed: 2/10, ETA: 84ms
Progress: 70,0%, File: test6.jpg, Processed: 7/10, ETA: 9ms
Progress: 80,0%, File: test2.jpg, Processed: 8/10, ETA: 6ms
Progress: 50,0%, File: test3.jpg, Processed: 5/10, ETA: 23ms
Progress: 40,0%, File: test7.jpg, Processed: 4/10, ETA: 31ms
Progress: 100,0%, File: test9.jpg, Processed: 10/10, ETA: 0ms
Progress: 90,0%, File: test8.jpg, Processed: 9/10, ETA: 4ms

]]></system-out>
  </testcase>
  <testcase name="shouldConvertRecursively" classname="com.webpconverter.ImageConverterServiceV2Test" time="0.022"/>
  <testcase name="shouldConvertMultipleImagesInParallel" classname="com.webpconverter.ImageConverterServiceV2Test" time="0.042">
    <system-out><![CDATA[Conversion time: 29ms
]]></system-out>
  </testcase>
</testsuite>